TN:
SF:src\Sum.js
FN:1,sum
FNF:1
FNH:1
FNDA:1,sum
DA:2,1
DA:5,1
LF:2
LH:2
BRF:0
BRH:0
end_of_record
TN:
SF:src\component\Dashboard\course-web\test-cases\CountPreferences.js
FN:1,noOfTruePreferences
FNF:1
FNH:1
FNDA:1,noOfTruePreferences
DA:3,1
DA:4,1
DA:6,0
DA:11,1
LF:4
LH:3
BRDA:3,0,0,1
BRDA:3,0,1,0
BRDA:3,1,0,1
BRDA:3,1,1,1
BRDA:3,1,2,1
BRF:5
BRH:4
end_of_record
TN:
SF:src\component\Dashboard\course-web\test-cases\NoOfCourses.js
FN:1,AllCoursesArray
FNF:1
FNH:1
FNDA:1,AllCoursesArray
DA:2,1
DA:5,1
LF:2
LH:2
BRF:0
BRH:0
end_of_record
